<?xml version="1.0" encoding="UTF-8"?>
<!-- Generated by org.testng.reporters.JUnitXMLReporter -->
<testsuite ignored="0" hostname="CPX-OJUGFDD3KIK" failures="1" tests="1" name="Command line test" time="0.053" errors="0" timestamp="2021-11-05T09:31:56 CET">
  <testcase classname="mavenforjenkins.UITest" name="startBrowser" time="0.0">
    <failure type="org.testng.TestNGException" message="
Parameter &amp;apos;Browser&amp;apos; is required by @Test on method startBrowser but has not been marked @Optional or defined
">
      <![CDATA[org.testng.TestNGException: 
Parameter 'Browser' is required by @Test on method startBrowser but has not been marked @Optional or defined

at java.base/java.util.ArrayList.forEach(ArrayList.java:1541)
... Removed 36 stack frames]]>
    </failure>
  </testcase> <!-- startBrowser -->
</testsuite> <!-- Command line test -->
